#
# A fatal error has been detected by the Java Runtime Environment:
#
#  Internal Error (./open/src/hotspot/share/interpreter/oopMapCache.cpp:111), pid=10972, tid=12588
#  Error: ShouldNotReachHere()
#
# JRE version: OpenJDK Runtime Environment (14.0.2+12) (build 14.0.2+12-46)
# Java VM: OpenJDK 64-Bit Server VM (14.0.2+12-46, mixed mode, tiered, compressed oops, g1 gc, windows-amd64)
# No core dump will be written. Minidumps are not enabled by default on client versions of Windows
#
# If you would like to submit a bug report, please visit:
#   https://bugreport.java.com/bugreport/crash.jsp
#

---------------  S U M M A R Y ------------

Command Line: -XX:+ShowCodeDetailsInExceptionMessages -agentlib:jdwp=transport=dt_socket,suspend=y,address=localhost:49979 -javaagent:C:\Users\ttorr\eclipse\java-2020-09\eclipse\configuration\org.eclipse.osgi\215\0\.cp\lib\javaagent-shaded.jar -Dfile.encoding=Cp1252 unidad7.Ejercicio2

Host: Intel(R) Core(TM) i5-1035G1 CPU @ 1.00GHz, 8 cores, 7G,  Windows 10 , 64 bit Build 19041 (10.0.19041.804)
Time: Sun Feb 28 19:15:14 2021 Hora estándar romance elapsed time: 1841 seconds (0d 0h 30m 41s)

---------------  T H R E A D  ---------------

Current thread (0x00000234c52d1000):  JavaThread "JDWP Transport Listener: dt_socket" daemon [_thread_in_vm, id=12588, stack(0x000000f073e00000,0x000000f073f00000)]

Stack: [0x000000f073e00000,0x000000f073f00000]
Native frames: (J=compiled Java code, j=interpreted, Vv=VM code, C=native code)
V  [jvm.dll+0x5f8a9a]
V  [jvm.dll+0x74247a]
V  [jvm.dll+0x743c2f]
V  [jvm.dll+0x744227]
V  [jvm.dll+0x20d20c]
V  [jvm.dll+0x20d173]
V  [jvm.dll+0x5e7b7f]
V  [jvm.dll+0x5e78dd]
V  [jvm.dll+0x5af8e3]
V  [jvm.dll+0x739aef]
V  [jvm.dll+0x4bee61]
V  [jvm.dll+0x74908b]
V  [jvm.dll+0x4a54ee]
V  [jvm.dll+0x46ee7b]
C  [jdwp.dll+0x7bbc]


---------------  P R O C E S S  ---------------

Threads class SMR info:
_java_thread_list=0x00000234c550c940, length=14, elements={
0x00000234aa370800, 0x00000234c4fc8800, 0x00000234c4fc9800, 0x00000234c5000800,
0x00000234c5001800, 0x00000234c5002800, 0x00000234c5006800, 0x00000234c5010800,
0x00000234c5028000, 0x00000234c4747800, 0x00000234c52d1000, 0x00000234c52d2000,
0x00000234c52d2800, 0x00000234c5554800
}

Java Threads: ( => current thread )
  0x00000234aa370800 JavaThread "main" [_thread_blocked, id=10860, stack(0x000000f072d00000,0x000000f072e00000)]
  0x00000234c4fc8800 JavaThread "Reference Handler" daemon [_thread_blocked, id=8628, stack(0x000000f073400000,0x000000f073500000)]
  0x00000234c4fc9800 JavaThread "Finalizer" daemon [_thread_blocked, id=24776, stack(0x000000f073500000,0x000000f073600000)]
  0x00000234c5000800 JavaThread "Signal Dispatcher" daemon [_thread_blocked, id=13296, stack(0x000000f073600000,0x000000f073700000)]
  0x00000234c5001800 JavaThread "Attach Listener" daemon [_thread_blocked, id=20592, stack(0x000000f073700000,0x000000f073800000)]
  0x00000234c5002800 JavaThread "Service Thread" daemon [_thread_blocked, id=9556, stack(0x000000f073800000,0x000000f073900000)]
  0x00000234c5006800 JavaThread "C2 CompilerThread0" daemon [_thread_blocked, id=23476, stack(0x000000f073900000,0x000000f073a00000)]
  0x00000234c5010800 JavaThread "C1 CompilerThread0" daemon [_thread_blocked, id=10920, stack(0x000000f073a00000,0x000000f073b00000)]
  0x00000234c5028000 JavaThread "Sweeper thread" daemon [_thread_blocked, id=18700, stack(0x000000f073b00000,0x000000f073c00000)]
  0x00000234c4747800 JavaThread "Common-Cleaner" daemon [_thread_blocked, id=20416, stack(0x000000f073c00000,0x000000f073d00000)]
=>0x00000234c52d1000 JavaThread "JDWP Transport Listener: dt_socket" daemon [_thread_in_vm, id=12588, stack(0x000000f073e00000,0x000000f073f00000)]
  0x00000234c52d2000 JavaThread "JDWP Event Helper Thread" daemon [_thread_blocked, id=18956, stack(0x000000f073f00000,0x000000f074000000)]
  0x00000234c52d2800 JavaThread "JDWP Command Reader" daemon [_thread_in_native, id=17956, stack(0x000000f074000000,0x000000f074100000)]
  0x00000234c5554800 JavaThread "Notification Thread" daemon [_thread_blocked, id=25724, stack(0x000000f073d00000,0x000000f073e00000)]

Other Threads:
  0x00000234c4fc1800 VMThread "VM Thread" [stack: 0x000000f073300000,0x000000f073400000] [id=8012]
  0x00000234c558f000 WatcherThread [stack: 0x000000f074100000,0x000000f074200000] [id=416]
  0x00000234aa3ae000 GCTaskThread "GC Thread#0" [stack: 0x000000f072e00000,0x000000f072f00000] [id=21160]
  0x00000234aa3c0000 ConcurrentGCThread "G1 Main Marker" [stack: 0x000000f072f00000,0x000000f073000000] [id=10416]
  0x00000234aa3c1800 ConcurrentGCThread "G1 Conc#0" [stack: 0x000000f073000000,0x000000f073100000] [id=18916]
  0x00000234c45c4800 ConcurrentGCThread "G1 Refine#0" [stack: 0x000000f073100000,0x000000f073200000] [id=26300]
  0x00000234c45c6800 ConcurrentGCThread "G1 Young RemSet Sampling" [stack: 0x000000f073200000,0x000000f073300000] [id=26424]

Threads with active compile tasks:

VM state:not at safepoint (normal execution)

VM Mutex/Monitor currently owned by a thread: None

Heap address: 0x0000000084000000, size: 1984 MB, Compressed Oops mode: 32-bit
Narrow klass base: 0x0000000000000000, Narrow klass shift: 3
Compressed class space size: 1073741824 Address: 0x0000000100000000

Heap:
 garbage-first heap   total 126976K, used 4096K [0x0000000084000000, 0x0000000100000000)
  region size 1024K, 5 young (5120K), 0 survivors (0K)
 Metaspace       used 9107K, capacity 9276K, committed 9344K, reserved 1058816K
  class space    used 805K, capacity 836K, committed 896K, reserved 1048576K
Heap Regions: E=young(eden), S=young(survivor), O=old, HS=humongous(starts), HC=humongous(continues), CS=collection set, F=free, OA=open archive, CA=closed archive, TAMS=top-at-mark-start (previous, next)
|   0|0x0000000084000000, 0x0000000084000000, 0x0000000084100000|  0%| F|  |TAMS 0x0000000084000000, 0x0000000084000000| Untracked 
|   1|0x0000000084100000, 0x0000000084100000, 0x0000000084200000|  0%| F|  |TAMS 0x0000000084100000, 0x0000000084100000| Untracked 
|   2|0x0000000084200000, 0x0000000084200000, 0x0000000084300000|  0%| F|  |TAMS 0x0000000084200000, 0x0000000084200000| Untracked 
|   3|0x0000000084300000, 0x0000000084300000, 0x0000000084400000|  0%| F|  |TAMS 0x0000000084300000, 0x0000000084300000| Untracked 
|   4|0x0000000084400000, 0x0000000084400000, 0x0000000084500000|  0%| F|  |TAMS 0x0000000084400000, 0x0000000084400000| Untracked 
|   5|0x0000000084500000, 0x0000000084500000, 0x0000000084600000|  0%| F|  |TAMS 0x0000000084500000, 0x0000000084500000| Untracked 
|   6|0x0000000084600000, 0x0000000084600000, 0x0000000084700000|  0%| F|  |TAMS 0x0000000084600000, 0x0000000084600000| Untracked 
|   7|0x0000000084700000, 0x0000000084700000, 0x0000000084800000|  0%| F|  |TAMS 0x0000000084700000, 0x0000000084700000| Untracked 
|   8|0x0000000084800000, 0x0000000084800000, 0x0000000084900000|  0%| F|  |TAMS 0x0000000084800000, 0x0000000084800000| Untracked 
|   9|0x0000000084900000, 0x0000000084900000, 0x0000000084a00000|  0%| F|  |TAMS 0x0000000084900000, 0x0000000084900000| Untracked 
|  10|0x0000000084a00000, 0x0000000084a00000, 0x0000000084b00000|  0%| F|  |TAMS 0x0000000084a00000, 0x0000000084a00000| Untracked 
|  11|0x0000000084b00000, 0x0000000084b00000, 0x0000000084c00000|  0%| F|  |TAMS 0x0000000084b00000, 0x0000000084b00000| Untracked 
|  12|0x0000000084c00000, 0x0000000084c00000, 0x0000000084d00000|  0%| F|  |TAMS 0x0000000084c00000, 0x0000000084c00000| Untracked 
|  13|0x0000000084d00000, 0x0000000084d00000, 0x0000000084e00000|  0%| F|  |TAMS 0x0000000084d00000, 0x0000000084d00000| Untracked 
|  14|0x0000000084e00000, 0x0000000084e00000, 0x0000000084f00000|  0%| F|  |TAMS 0x0000000084e00000, 0x0000000084e00000| Untracked 
|  15|0x0000000084f00000, 0x0000000084f00000, 0x0000000085000000|  0%| F|  |TAMS 0x0000000084f00000, 0x0000000084f00000| Untracked 
|  16|0x0000000085000000, 0x0000000085000000, 0x0000000085100000|  0%| F|  |TAMS 0x0000000085000000, 0x0000000085000000| Untracked 
|  17|0x0000000085100000, 0x0000000085100000, 0x0000000085200000|  0%| F|  |TAMS 0x0000000085100000, 0x0000000085100000| Untracked 
|  18|0x0000000085200000, 0x0000000085200000, 0x0000000085300000|  0%| F|  |TAMS 0x0000000085200000, 0x0000000085200000| Untracked 
|  19|0x0000000085300000, 0x0000000085300000, 0x0000000085400000|  0%| F|  |TAMS 0x0000000085300000, 0x0000000085300000| Untracked 
|  20|0x0000000085400000, 0x0000000085400000, 0x0000000085500000|  0%| F|  |TAMS 0x0000000085400000, 0x0000000085400000| Untracked 
|  21|0x0000000085500000, 0x0000000085500000, 0x0000000085600000|  0%| F|  |TAMS 0x0000000085500000, 0x0000000085500000| Untracked 
|  22|0x0000000085600000, 0x0000000085600000, 0x0000000085700000|  0%| F|  |TAMS 0x0000000085600000, 0x0000000085600000| Untracked 
|  23|0x0000000085700000, 0x0000000085700000, 0x0000000085800000|  0%| F|  |TAMS 0x0000000085700000, 0x0000000085700000| Untracked 
|  24|0x0000000085800000, 0x0000000085800000, 0x0000000085900000|  0%| F|  |TAMS 0x0000000085800000, 0x0000000085800000| Untracked 
|  25|0x0000000085900000, 0x0000000085900000, 0x0000000085a00000|  0%| F|  |TAMS 0x0000000085900000, 0x0000000085900000| Untracked 
|  26|0x0000000085a00000, 0x0000000085a00000, 0x0000000085b00000|  0%| F|  |TAMS 0x0000000085a00000, 0x0000000085a00000| Untracked 
|  27|0x0000000085b00000, 0x0000000085b00000, 0x0000000085c00000|  0%| F|  |TAMS 0x0000000085b00000, 0x0000000085b00000| Untracked 
|  28|0x0000000085c00000, 0x0000000085c00000, 0x0000000085d00000|  0%| F|  |TAMS 0x0000000085c00000, 0x0000000085c00000| Untracked 
|  29|0x0000000085d00000, 0x0000000085d00000, 0x0000000085e00000|  0%| F|  |TAMS 0x0000000085d00000, 0x0000000085d00000| Untracked 
|  30|0x0000000085e00000, 0x0000000085e00000, 0x0000000085f00000|  0%| F|  |TAMS 0x0000000085e00000, 0x0000000085e00000| Untracked 
|  31|0x0000000085f00000, 0x0000000085f00000, 0x0000000086000000|  0%| F|  |TAMS 0x0000000085f00000, 0x0000000085f00000| Untracked 
|  32|0x0000000086000000, 0x0000000086000000, 0x0000000086100000|  0%| F|  |TAMS 0x0000000086000000, 0x0000000086000000| Untracked 
|  33|0x0000000086100000, 0x0000000086100000, 0x0000000086200000|  0%| F|  |TAMS 0x0000000086100000, 0x0000000086100000| Untracked 
|  34|0x0000000086200000, 0x0000000086200000, 0x0000000086300000|  0%| F|  |TAMS 0x0000000086200000, 0x0000000086200000| Untracked 
|  35|0x0000000086300000, 0x0000000086300000, 0x0000000086400000|  0%| F|  |TAMS 0x0000000086300000, 0x0000000086300000| Untracked 
|  36|0x0000000086400000, 0x0000000086400000, 0x0000000086500000|  0%| F|  |TAMS 0x0000000086400000, 0x0000000086400000| Untracked 
|  37|0x0000000086500000, 0x0000000086500000, 0x0000000086600000|  0%| F|  |TAMS 0x0000000086500000, 0x0000000086500000| Untracked 
|  38|0x0000000086600000, 0x0000000086600000, 0x0000000086700000|  0%| F|  |TAMS 0x0000000086600000, 0x0000000086600000| Untracked 
|  39|0x0000000086700000, 0x0000000086700000, 0x0000000086800000|  0%| F|  |TAMS 0x0000000086700000, 0x0000000086700000| Untracked 
|  40|0x0000000086800000, 0x0000000086800000, 0x0000000086900000|  0%| F|  |TAMS 0x0000000086800000, 0x0000000086800000| Untracked 
|  41|0x0000000086900000, 0x0000000086900000, 0x0000000086a00000|  0%| F|  |TAMS 0x0000000086900000, 0x0000000086900000| Untracked 
|  42|0x0000000086a00000, 0x0000000086a00000, 0x0000000086b00000|  0%| F|  |TAMS 0x0000000086a00000, 0x0000000086a00000| Untracked 
|  43|0x0000000086b00000, 0x0000000086b00000, 0x0000000086c00000|  0%| F|  |TAMS 0x0000000086b00000, 0x0000000086b00000| Untracked 
|  44|0x0000000086c00000, 0x0000000086c00000, 0x0000000086d00000|  0%| F|  |TAMS 0x0000000086c00000, 0x0000000086c00000| Untracked 
|  45|0x0000000086d00000, 0x0000000086d00000, 0x0000000086e00000|  0%| F|  |TAMS 0x0000000086d00000, 0x0000000086d00000| Untracked 
|  46|0x0000000086e00000, 0x0000000086e00000, 0x0000000086f00000|  0%| F|  |TAMS 0x0000000086e00000, 0x0000000086e00000| Untracked 
|  47|0x0000000086f00000, 0x0000000086f00000, 0x0000000087000000|  0%| F|  |TAMS 0x0000000086f00000, 0x0000000086f00000| Untracked 
|  48|0x0000000087000000, 0x0000000087000000, 0x0000000087100000|  0%| F|  |TAMS 0x0000000087000000, 0x0000000087000000| Untracked 
|  49|0x0000000087100000, 0x0000000087100000, 0x0000000087200000|  0%| F|  |TAMS 0x0000000087100000, 0x0000000087100000| Untracked 
|  50|0x0000000087200000, 0x0000000087200000, 0x0000000087300000|  0%| F|  |TAMS 0x0000000087200000, 0x0000000087200000| Untracked 
|  51|0x0000000087300000, 0x0000000087300000, 0x0000000087400000|  0%| F|  |TAMS 0x0000000087300000, 0x0000000087300000| Untracked 
|  52|0x0000000087400000, 0x0000000087400000, 0x0000000087500000|  0%| F|  |TAMS 0x0000000087400000, 0x0000000087400000| Untracked 
|  53|0x0000000087500000, 0x0000000087500000, 0x0000000087600000|  0%| F|  |TAMS 0x0000000087500000, 0x0000000087500000| Untracked 
|  54|0x0000000087600000, 0x0000000087600000, 0x0000000087700000|  0%| F|  |TAMS 0x0000000087600000, 0x0000000087600000| Untracked 
|  55|0x0000000087700000, 0x0000000087700000, 0x0000000087800000|  0%| F|  |TAMS 0x0000000087700000, 0x0000000087700000| Untracked 
|  56|0x0000000087800000, 0x0000000087800000, 0x0000000087900000|  0%| F|  |TAMS 0x0000000087800000, 0x0000000087800000| Untracked 
|  57|0x0000000087900000, 0x0000000087900000, 0x0000000087a00000|  0%| F|  |TAMS 0x0000000087900000, 0x0000000087900000| Untracked 
|  58|0x0000000087a00000, 0x0000000087a00000, 0x0000000087b00000|  0%| F|  |TAMS 0x0000000087a00000, 0x0000000087a00000| Untracked 
|  59|0x0000000087b00000, 0x0000000087b00000, 0x0000000087c00000|  0%| F|  |TAMS 0x0000000087b00000, 0x0000000087b00000| Untracked 
|  60|0x0000000087c00000, 0x0000000087c00000, 0x0000000087d00000|  0%| F|  |TAMS 0x0000000087c00000, 0x0000000087c00000| Untracked 
|  61|0x0000000087d00000, 0x0000000087d00000, 0x0000000087e00000|  0%| F|  |TAMS 0x0000000087d00000, 0x0000000087d00000| Untracked 
|  62|0x0000000087e00000, 0x0000000087e00000, 0x0000000087f00000|  0%| F|  |TAMS 0x0000000087e00000, 0x0000000087e00000| Untracked 
|  63|0x0000000087f00000, 0x0000000087f00000, 0x0000000088000000|  0%| F|  |TAMS 0x0000000087f00000, 0x0000000087f00000| Untracked 
|  64|0x0000000088000000, 0x0000000088000000, 0x0000000088100000|  0%| F|  |TAMS 0x0000000088000000, 0x0000000088000000| Untracked 
|  65|0x0000000088100000, 0x0000000088100000, 0x0000000088200000|  0%| F|  |TAMS 0x0000000088100000, 0x0000000088100000| Untracked 
|  66|0x0000000088200000, 0x0000000088200000, 0x0000000088300000|  0%| F|  |TAMS 0x0000000088200000, 0x0000000088200000| Untracked 
|  67|0x0000000088300000, 0x0000000088300000, 0x0000000088400000|  0%| F|  |TAMS 0x0000000088300000, 0x0000000088300000| Untracked 
|  68|0x0000000088400000, 0x0000000088400000, 0x0000000088500000|  0%| F|  |TAMS 0x0000000088400000, 0x0000000088400000| Untracked 
|  69|0x0000000088500000, 0x0000000088500000, 0x0000000088600000|  0%| F|  |TAMS 0x0000000088500000, 0x0000000088500000| Untracked 
|  70|0x0000000088600000, 0x0000000088600000, 0x0000000088700000|  0%| F|  |TAMS 0x0000000088600000, 0x0000000088600000| Untracked 
|  71|0x0000000088700000, 0x0000000088700000, 0x0000000088800000|  0%| F|  |TAMS 0x0000000088700000, 0x0000000088700000| Untracked 
|  72|0x0000000088800000, 0x0000000088800000, 0x0000000088900000|  0%| F|  |TAMS 0x0000000088800000, 0x0000000088800000| Untracked 
|  73|0x0000000088900000, 0x0000000088900000, 0x0000000088a00000|  0%| F|  |TAMS 0x0000000088900000, 0x0000000088900000| Untracked 
|  74|0x0000000088a00000, 0x0000000088a00000, 0x0000000088b00000|  0%| F|  |TAMS 0x0000000088a00000, 0x0000000088a00000| Untracked 
|  75|0x0000000088b00000, 0x0000000088b00000, 0x0000000088c00000|  0%| F|  |TAMS 0x0000000088b00000, 0x0000000088b00000| Untracked 
|  76|0x0000000088c00000, 0x0000000088c00000, 0x0000000088d00000|  0%| F|  |TAMS 0x0000000088c00000, 0x0000000088c00000| Untracked 
|  77|0x0000000088d00000, 0x0000000088d00000, 0x0000000088e00000|  0%| F|  |TAMS 0x0000000088d00000, 0x0000000088d00000| Untracked 
|  78|0x0000000088e00000, 0x0000000088e00000, 0x0000000088f00000|  0%| F|  |TAMS 0x0000000088e00000, 0x0000000088e00000| Untracked 
|  79|0x0000000088f00000, 0x0000000088f00000, 0x0000000089000000|  0%| F|  |TAMS 0x0000000088f00000, 0x0000000088f00000| Untracked 
|  80|0x0000000089000000, 0x0000000089000000, 0x0000000089100000|  0%| F|  |TAMS 0x0000000089000000, 0x0000000089000000| Untracked 
|  81|0x0000000089100000, 0x0000000089100000, 0x0000000089200000|  0%| F|  |TAMS 0x0000000089100000, 0x0000000089100000| Untracked 
|  82|0x0000000089200000, 0x0000000089200000, 0x0000000089300000|  0%| F|  |TAMS 0x0000000089200000, 0x0000000089200000| Untracked 
|  83|0x0000000089300000, 0x0000000089300000, 0x0000000089400000|  0%| F|  |TAMS 0x0000000089300000, 0x0000000089300000| Untracked 
|  84|0x0000000089400000, 0x0000000089400000, 0x0000000089500000|  0%| F|  |TAMS 0x0000000089400000, 0x0000000089400000| Untracked 
|  85|0x0000000089500000, 0x0000000089500000, 0x0000000089600000|  0%| F|  |TAMS 0x0000000089500000, 0x0000000089500000| Untracked 
|  86|0x0000000089600000, 0x0000000089600000, 0x0000000089700000|  0%| F|  |TAMS 0x0000000089600000, 0x0000000089600000| Untracked 
|  87|0x0000000089700000, 0x0000000089700000, 0x0000000089800000|  0%| F|  |TAMS 0x0000000089700000, 0x0000000089700000| Untracked 
|  88|0x0000000089800000, 0x0000000089800000, 0x0000000089900000|  0%| F|  |TAMS 0x0000000089800000, 0x0000000089800000| Untracked 
|  89|0x0000000089900000, 0x0000000089900000, 0x0000000089a00000|  0%| F|  |TAMS 0x0000000089900000, 0x0000000089900000| Untracked 
|  90|0x0000000089a00000, 0x0000000089a00000, 0x0000000089b00000|  0%| F|  |TAMS 0x0000000089a00000, 0x0000000089a00000| Untracked 
|  91|0x0000000089b00000, 0x0000000089b00000, 0x0000000089c00000|  0%| F|  |TAMS 0x0000000089b00000, 0x0000000089b00000| Untracked 
|  92|0x0000000089c00000, 0x0000000089c00000, 0x0000000089d00000|  0%| F|  |TAMS 0x0000000089c00000, 0x0000000089c00000| Untracked 
|  93|0x0000000089d00000, 0x0000000089d00000, 0x0000000089e00000|  0%| F|  |TAMS 0x0000000089d00000, 0x0000000089d00000| Untracked 
|  94|0x0000000089e00000, 0x0000000089e00000, 0x0000000089f00000|  0%| F|  |TAMS 0x0000000089e00000, 0x0000000089e00000| Untracked 
|  95|0x0000000089f00000, 0x0000000089f00000, 0x000000008a000000|  0%| F|  |TAMS 0x0000000089f00000, 0x0000000089f00000| Untracked 
|  96|0x000000008a000000, 0x000000008a000000, 0x000000008a100000|  0%| F|  |TAMS 0x000000008a000000, 0x000000008a000000| Untracked 
|  97|0x000000008a100000, 0x000000008a100000, 0x000000008a200000|  0%| F|  |TAMS 0x000000008a100000, 0x000000008a100000| Untracked 
|  98|0x000000008a200000, 0x000000008a200000, 0x000000008a300000|  0%| F|  |TAMS 0x000000008a200000, 0x000000008a200000| Untracked 
|  99|0x000000008a300000, 0x000000008a300000, 0x000000008a400000|  0%| F|  |TAMS 0x000000008a300000, 0x000000008a300000| Untracked 
| 100|0x000000008a400000, 0x000000008a400000, 0x000000008a500000|  0%| F|  |TAMS 0x000000008a400000, 0x000000008a400000| Untracked 
| 101|0x000000008a500000, 0x000000008a500000, 0x000000008a600000|  0%| F|  |TAMS 0x000000008a500000, 0x000000008a500000| Untracked 
| 102|0x000000008a600000, 0x000000008a600000, 0x000000008a700000|  0%| F|  |TAMS 0x000000008a600000, 0x000000008a600000| Untracked 
| 103|0x000000008a700000, 0x000000008a700000, 0x000000008a800000|  0%| F|  |TAMS 0x000000008a700000, 0x000000008a700000| Untracked 
| 104|0x000000008a800000, 0x000000008a800000, 0x000000008a900000|  0%| F|  |TAMS 0x000000008a800000, 0x000000008a800000| Untracked 
| 105|0x000000008a900000, 0x000000008a900000, 0x000000008aa00000|  0%| F|  |TAMS 0x000000008a900000, 0x000000008a900000| Untracked 
| 106|0x000000008aa00000, 0x000000008aa00000, 0x000000008ab00000|  0%| F|  |TAMS 0x000000008aa00000, 0x000000008aa00000| Untracked 
| 107|0x000000008ab00000, 0x000000008ab00000, 0x000000008ac00000|  0%| F|  |TAMS 0x000000008ab00000, 0x000000008ab00000| Untracked 
| 108|0x000000008ac00000, 0x000000008ac00000, 0x000000008ad00000|  0%| F|  |TAMS 0x000000008ac00000, 0x000000008ac00000| Untracked 
| 109|0x000000008ad00000, 0x000000008ad00000, 0x000000008ae00000|  0%| F|  |TAMS 0x000000008ad00000, 0x000000008ad00000| Untracked 
| 110|0x000000008ae00000, 0x000000008ae00000, 0x000000008af00000|  0%| F|  |TAMS 0x000000008ae00000, 0x000000008ae00000| Untracked 
| 111|0x000000008af00000, 0x000000008af00000, 0x000000008b000000|  0%| F|  |TAMS 0x000000008af00000, 0x000000008af00000| Untracked 
| 112|0x000000008b000000, 0x000000008b000000, 0x000000008b100000|  0%| F|  |TAMS 0x000000008b000000, 0x000000008b000000| Untracked 
| 113|0x000000008b100000, 0x000000008b100000, 0x000000008b200000|  0%| F|  |TAMS 0x000000008b100000, 0x000000008b100000| Untracked 
| 114|0x000000008b200000, 0x000000008b200000, 0x000000008b300000|  0%| F|  |TAMS 0x000000008b200000, 0x000000008b200000| Untracked 
| 115|0x000000008b300000, 0x000000008b300000, 0x000000008b400000|  0%| F|  |TAMS 0x000000008b300000, 0x000000008b300000| Untracked 
| 116|0x000000008b400000, 0x000000008b400000, 0x000000008b500000|  0%| F|  |TAMS 0x000000008b400000, 0x000000008b400000| Untracked 
| 117|0x000000008b500000, 0x000000008b500000, 0x000000008b600000|  0%| F|  |TAMS 0x000000008b500000, 0x000000008b500000| Untracked 
| 118|0x000000008b600000, 0x000000008b600000, 0x000000008b700000|  0%| F|  |TAMS 0x000000008b600000, 0x000000008b600000| Untracked 
| 119|0x000000008b700000, 0x000000008b7f42e0, 0x000000008b800000| 95%| E|  |TAMS 0x000000008b700000, 0x000000008b700000| Complete 
| 120|0x000000008b800000, 0x000000008b900000, 0x000000008b900000|100%| E|CS|TAMS 0x000000008b800000, 0x000000008b800000| Complete 
| 121|0x000000008b900000, 0x000000008ba00000, 0x000000008ba00000|100%| E|CS|TAMS 0x000000008b900000, 0x000000008b900000| Complete 
| 122|0x000000008ba00000, 0x000000008bb00000, 0x000000008bb00000|100%| E|CS|TAMS 0x000000008ba00000, 0x000000008ba00000| Complete 
| 123|0x000000008bb00000, 0x000000008bc00000, 0x000000008bc00000|100%| E|CS|TAMS 0x000000008bb00000, 0x000000008bb00000| Complete 

Card table byte_map: [0x00000234bd750000,0x00000234bdb30000] _byte_map_base: 0x00000234bd330000

Marking Bits (Prev, Next): (CMBitMap*) 0x00000234aa3ae5f8, (CMBitMap*) 0x00000234aa3ae638
 Prev Bits: [0x00000234bdf10000, 0x00000234bfe10000)
 Next Bits: [0x00000234bfe10000, 0x00000234c1d10000)

Polling page: 0x00000234a8300000

Metaspace:

Usage:
  Non-class:      8.24 MB capacity,     8.11 MB ( 98%) used,   131.00 KB (  2%) free+waste,     6.81 KB ( <1%) overhead. 
      Class:    836.00 KB capacity,   805.13 KB ( 96%) used,    28.24 KB (  3%) free+waste,     2.63 KB ( <1%) overhead. 
       Both:      9.06 MB capacity,     8.89 MB ( 98%) used,   159.24 KB (  2%) free+waste,     9.44 KB ( <1%) overhead. 

Virtual space:
  Non-class space:       10.00 MB reserved,       8.25 MB ( 83%) committed 
      Class space:        1.00 GB reserved,     896.00 KB ( <1%) committed 
             Both:        1.01 GB reserved,       9.13 MB ( <1%) committed 

Chunk freelists:
   Non-Class:  8.00 KB
       Class:  28.00 KB
        Both:  36.00 KB

MaxMetaspaceSize: 17179869184.00 GB
CompressedClassSpaceSize: 1.00 GB

CodeHeap 'non-profiled nmethods': size=120000Kb used=122Kb max_used=122Kb free=119877Kb
 bounds [0x00000234b5b10000, 0x00000234b5d80000, 0x00000234bd040000]
CodeHeap 'profiled nmethods': size=120000Kb used=569Kb max_used=569Kb free=119430Kb
 bounds [0x00000234ae5e0000, 0x00000234ae850000, 0x00000234b5b10000]
CodeHeap 'non-nmethods': size=5760Kb used=1234Kb max_used=1253Kb free=4525Kb
 bounds [0x00000234ae040000, 0x00000234ae2b0000, 0x00000234ae5e0000]
 total_blobs=788 nmethods=403 adapters=298
 compilation: enabled
              stopped_count=0, restarted_count=0
 full_count=0

Compilation events (20 events):
Event: 333.127 Thread 0x00000234c5010800  401       3       org.eclipse.jdt.launching.internal.org.objectweb.asm.SymbolTable::hash (10 bytes)
Event: 333.127 Thread 0x00000234c5010800 nmethod 401 0x00000234ae66c510 code [0x00000234ae66c6c0, 0x00000234ae66c7e8]
Event: 333.127 Thread 0x00000234c5010800  403       3       org.eclipse.jdt.launching.internal.org.objectweb.asm.ClassReader::readUtf (44 bytes)
Event: 333.129 Thread 0x00000234c5010800 

Event: 333.129 Thread 0x00000234c5010800  402       3       org.eclipse.jdt.launching.internal.org.objectweb.asm.SymbolTable$Entry::<init> (17 bytes)
Event: 333.129 Thread 0x00000234c5010800 nmethod 402 0x00000234ae66c910 code [0x00000234ae66cac0, 0x00000234ae66cc48]
Event: 353.193 Thread 0x00000234c5010800  405       3       org.eclipse.jdt.launching.internal.org.objectweb.asm.ClassReader::readUtf (161 bytes)
Event: 353.195 Thread 0x00000234c5010800 

Event: 353.195 Thread 0x00000234c5010800  407       3       org.eclipse.jdt.launching.internal.org.objectweb.asm.ClassReader::readUtf (44 bytes)
Event: 353.196 Thread 0x00000234c5010800 nmethod 407 0x00000234ae66cd10 code [0x00000234ae66cee0, 0x00000234ae66d368]
Event: 353.196 Thread 0x00000234c5010800  406       3       org.eclipse.jdt.launching.internal.org.objectweb.asm.ClassReader::readUTF8 (23 bytes)
Event: 353.196 Thread 0x00000234c5010800 nmethod 406 0x00000234ae66d610 code [0x00000234ae66d7c0, 0x00000234ae66da68]
Event: 353.196 Thread 0x00000234c5010800  404       3       java.lang.String::<init> (74 bytes)
Event: 353.196 Thread 0x00000234c5010800 nmethod 404 0x00000234ae66dc10 code [0x00000234ae66de00, 0x00000234ae66e478]
Event: 370.047 Thread 0x00000234c5010800  408       3       org.eclipse.jdt.launching.internal.org.objectweb.asm.ClassReader::readUtf (161 bytes)
Event: 370.047 Thread 0x00000234c5006800  409       4       org.eclipse.jdt.launching.internal.org.objectweb.asm.ClassReader::readUnsignedShort (26 bytes)
Event: 370.049 Thread 0x00000234c5010800 

Event: 370.049 Thread 0x00000234c5006800 

Event: 391.771 Thread 0x00000234c5010800  410       3       org.eclipse.jdt.launching.internal.org.objectweb.asm.SymbolTable::addConstantUtf8 (20 bytes)
Event: 391.773 Thread 0x00000234c5010800 


GC Heap History (0 events):
No events

Deoptimization events (20 events):
Event: 0.440 Thread 0x00000234aa370800 DEOPT PACKING pc=0x00000234ae6542e1 sp=0x000000f072df7da0
Event: 0.440 Thread 0x00000234aa370800 DEOPT UNPACKING pc=0x00000234ae0883de sp=0x000000f072df7268 mode 0
Event: 0.444 Thread 0x00000234aa370800 DEOPT PACKING pc=0x00000234ae6542e1 sp=0x000000f072df7da0
Event: 0.444 Thread 0x00000234aa370800 DEOPT UNPACKING pc=0x00000234ae0883de sp=0x000000f072df7268 mode 0
Event: 0.451 Thread 0x00000234aa370800 DEOPT PACKING pc=0x00000234ae6542e1 sp=0x000000f072dfb880
Event: 0.451 Thread 0x00000234aa370800 DEOPT UNPACKING pc=0x00000234ae0883de sp=0x000000f072dfad48 mode 0
Event: 0.451 Thread 0x00000234aa370800 DEOPT PACKING pc=0x00000234ae6542e1 sp=0x000000f072dfb880
Event: 0.451 Thread 0x00000234aa370800 DEOPT UNPACKING pc=0x00000234ae0883de sp=0x000000f072dfad48 mode 0
Event: 0.451 Thread 0x00000234aa370800 DEOPT PACKING pc=0x00000234ae6542e1 sp=0x000000f072dfb880
Event: 0.451 Thread 0x00000234aa370800 DEOPT UNPACKING pc=0x00000234ae0883de sp=0x000000f072dfad48 mode 0
Event: 0.452 Thread 0x00000234aa370800 DEOPT PACKING pc=0x00000234ae6542e1 sp=0x000000f072dfb880
Event: 0.452 Thread 0x00000234aa370800 DEOPT UNPACKING pc=0x00000234ae0883de sp=0x000000f072dfad48 mode 0
Event: 0.465 Thread 0x00000234aa370800 DEOPT PACKING pc=0x00000234ae6542e1 sp=0x000000f072df7990
Event: 0.465 Thread 0x00000234aa370800 DEOPT UNPACKING pc=0x00000234ae0883de sp=0x000000f072df6e58 mode 0
Event: 0.466 Thread 0x00000234aa370800 DEOPT PACKING pc=0x00000234ae6542e1 sp=0x000000f072df7990
Event: 0.466 Thread 0x00000234aa370800 DEOPT UNPACKING pc=0x00000234ae0883de sp=0x000000f072df6e58 mode 0
Event: 0.466 Thread 0x00000234aa370800 DEOPT PACKING pc=0x00000234ae6542e1 sp=0x000000f072df7990
Event: 0.466 Thread 0x00000234aa370800 DEOPT UNPACKING pc=0x00000234ae0883de sp=0x000000f072df6e58 mode 0
Event: 0.466 Thread 0x00000234aa370800 DEOPT PACKING pc=0x00000234ae6542e1 sp=0x000000f072df7990
Event: 0.466 Thread 0x00000234aa370800 DEOPT UNPACKING pc=0x00000234ae0883de sp=0x000000f072df6e58 mode 0

Classes unloaded (0 events):
No events

Classes redefined (6 events):
Event: 274.838 Thread 0x00000234c4fc1800 redefined class name=unidad7.Ejercicio2, count=1
Event: 323.430 Thread 0x00000234c4fc1800 redefined class name=unidad7.Ejercicio2, count=2
Event: 333.128 Thread 0x00000234c4fc1800 redefined class name=unidad7.Ejercicio2, count=3
Event: 353.194 Thread 0x00000234c4fc1800 redefined class name=unidad7.Ejercicio2, count=4
Event: 370.048 Thread 0x00000234c4fc1800 redefined class name=unidad7.Ejercicio2, count=5
Event: 391.772 Thread 0x00000234c4fc1800 redefined class name=unidad7.Ejercicio2, count=6

Internal exceptions (1 events):
Event: 1841.574 Thread 0x00000234c52d1000 Exception <a 'java/lang/LinkageError'{0x000000008ba95488}> (0x000000008ba95488) 
thrown [./open/src/hotspot/share/oops/generateOopMap.cpp, line 2140]

Events (20 events):
Event: 1831.988 Executing VM operation: GetCurrentContendedMonitor
Event: 1831.988 Executing VM operation: GetCurrentContendedMonitor done
Event: 1831.988 Executing VM operation: GetOwnedMonitorInfo
Event: 1831.988 Executing VM operation: GetOwnedMonitorInfo done
Event: 1840.437 Executing VM operation: GetCurrentContendedMonitor
Event: 1840.437 Executing VM operation: GetCurrentContendedMonitor done
Event: 1840.438 Executing VM operation: GetOwnedMonitorInfo
Event: 1840.438 Executing VM operation: GetOwnedMonitorInfo done
Event: 1841.305 Executing VM operation: GetFrameCount
Event: 1841.305 Executing VM operation: GetFrameCount done
Event: 1841.305 Executing VM operation: GetOwnedMonitorInfo
Event: 1841.305 Executing VM operation: GetOwnedMonitorInfo done
Event: 1841.306 Executing VM operation: GetCurrentContendedMonitor
Event: 1841.306 Executing VM operation: GetCurrentContendedMonitor done
Event: 1841.566 Executing VM operation: GetFrameCount
Event: 1841.566 Executing VM operation: GetFrameCount done
Event: 1841.566 Executing VM operation: GetOwnedMonitorInfo
Event: 1841.566 Executing VM operation: GetOwnedMonitorInfo done
Event: 1841.566 Executing VM operation: GetCurrentContendedMonitor
Event: 1841.567 Executing VM operation: GetCurrentContendedMonitor done


Dynamic libraries:
0x00007ff730980000 - 0x00007ff73098d000 	C:\Users\ttorr\.p2\pool\plugins\org.eclipse.justj.openjdk.hotspot.jre.full.win32.x86_64_14.0.2.v20200815-0932\jre\bin\javaw.exe
0x00007ffa70930000 - 0x00007ffa70b26000 	C:\Windows\SYSTEM32\ntdll.dll
0x00007ffa6f600000 - 0x00007ffa6f6bd000 	C:\Windows\System32\KERNEL32.DLL
0x00007ffa6e070000 - 0x00007ffa6e339000 	C:\Windows\System32\KERNELBASE.dll
0x00007ffa6e4a0000 - 0x00007ffa6e5a0000 	C:\Windows\System32\ucrtbase.dll
0x00007ffa64280000 - 0x00007ffa64298000 	C:\Users\ttorr\.p2\pool\plugins\org.eclipse.justj.openjdk.hotspot.jre.full.win32.x86_64_14.0.2.v20200815-0932\jre\bin\jli.dll
0x00007ffa67650000 - 0x00007ffa67665000 	C:\Users\ttorr\.p2\pool\plugins\org.eclipse.justj.openjdk.hotspot.jre.full.win32.x86_64_14.0.2.v20200815-0932\jre\bin\VCRUNTIME140.dll
0x00007ffa6ef70000 - 0x00007ffa6f110000 	C:\Windows\System32\USER32.dll
0x00007ffa6e340000 - 0x00007ffa6e362000 	C:\Windows\System32\win32u.dll
0x00007ffa704e0000 - 0x00007ffa7050a000 	C:\Windows\System32\GDI32.dll
0x00007ffa6e880000 - 0x00007ffa6e98b000 	C:\Windows\System32\gdi32full.dll
0x00007ffa5afa0000 - 0x00007ffa5b23b000 	C:\Windows\WinSxS\amd64_microsoft.windows.common-controls_6595b64144ccf1df_6.0.19041.746_none_ca02b4b61b8320a4\COMCTL32.dll
0x00007ffa6e700000 - 0x00007ffa6e79d000 	C:\Windows\System32\msvcp_win.dll
0x00007ffa6fb60000 - 0x00007ffa6fbfe000 	C:\Windows\System32\msvcrt.dll
0x00007ffa6f8a0000 - 0x00007ffa6f8d0000 	C:\Windows\System32\IMM32.DLL
0x00007ffa5e8f0000 - 0x00007ffa5e98b000 	C:\Users\ttorr\.p2\pool\plugins\org.eclipse.justj.openjdk.hotspot.jre.full.win32.x86_64_14.0.2.v20200815-0932\jre\bin\msvcp140.dll
0x00007ffa20e60000 - 0x00007ffa2197e000 	C:\Users\ttorr\.p2\pool\plugins\org.eclipse.justj.openjdk.hotspot.jre.full.win32.x86_64_14.0.2.v20200815-0932\jre\bin\server\jvm.dll
0x00007ffa6f8d0000 - 0x00007ffa6f97c000 	C:\Windows\System32\ADVAPI32.dll
0x00007ffa6f800000 - 0x00007ffa6f89c000 	C:\Windows\System32\sechost.dll
0x00007ffa6f6c0000 - 0x00007ffa6f7eb000 	C:\Windows\System32\RPCRT4.dll
0x00007ffa708e0000 - 0x00007ffa708e8000 	C:\Windows\System32\PSAPI.DLL
0x00007ffa6b670000 - 0x00007ffa6b679000 	C:\Windows\SYSTEM32\WSOCK32.dll
0x00007ffa5bc70000 - 0x00007ffa5bc97000 	C:\Windows\SYSTEM32\WINMM.dll
0x00007ffa676b0000 - 0x00007ffa676ba000 	C:\Windows\SYSTEM32\VERSION.dll
0x00007ffa70510000 - 0x00007ffa7057b000 	C:\Windows\System32\WS2_32.dll
0x00007ffa6c940000 - 0x00007ffa6c952000 	C:\Windows\SYSTEM32\kernel.appcore.dll
0x00007ffa68170000 - 0x00007ffa6817a000 	C:\Users\ttorr\.p2\pool\plugins\org.eclipse.justj.openjdk.hotspot.jre.full.win32.x86_64_14.0.2.v20200815-0932\jre\bin\jimage.dll
0x00007ffa6bd70000 - 0x00007ffa6bf54000 	C:\Windows\SYSTEM32\DBGHELP.DLL
0x00007ffa546c0000 - 0x00007ffa546ec000 	C:\Windows\SYSTEM32\dbgcore.DLL
0x00007ffa6e3c0000 - 0x00007ffa6e440000 	C:\Windows\System32\bcryptPrimitives.dll
0x00007ffa5e0d0000 - 0x00007ffa5e108000 	C:\Users\ttorr\.p2\pool\plugins\org.eclipse.justj.openjdk.hotspot.jre.full.win32.x86_64_14.0.2.v20200815-0932\jre\bin\jdwp.dll
0x00007ffa3e0d0000 - 0x00007ffa3e0f5000 	C:\Users\ttorr\.p2\pool\plugins\org.eclipse.justj.openjdk.hotspot.jre.full.win32.x86_64_14.0.2.v20200815-0932\jre\bin\java.dll
0x00007ffa6b660000 - 0x00007ffa6b66e000 	C:\Users\ttorr\.p2\pool\plugins\org.eclipse.justj.openjdk.hotspot.jre.full.win32.x86_64_14.0.2.v20200815-0932\jre\bin\instrument.dll
0x00007ffa48080000 - 0x00007ffa48096000 	C:\Users\ttorr\.p2\pool\plugins\org.eclipse.justj.openjdk.hotspot.jre.full.win32.x86_64_14.0.2.v20200815-0932\jre\bin\zip.dll
0x00007ffa6fc60000 - 0x00007ffa703a2000 	C:\Windows\System32\SHELL32.dll
0x00007ffa6c1a0000 - 0x00007ffa6c930000 	C:\Windows\SYSTEM32\windows.storage.dll
0x00007ffa70580000 - 0x00007ffa708d6000 	C:\Windows\System32\combase.dll
0x00007ffa6da00000 - 0x00007ffa6da2c000 	C:\Windows\SYSTEM32\Wldp.dll
0x00007ffa6ee40000 - 0x00007ffa6eeee000 	C:\Windows\System32\SHCORE.dll
0x00007ffa6faa0000 - 0x00007ffa6faf5000 	C:\Windows\System32\shlwapi.dll
0x00007ffa6dfa0000 - 0x00007ffa6dfc6000 	C:\Windows\SYSTEM32\profapi.dll
0x00007ffa6b5e0000 - 0x00007ffa6b5eb000 	C:\Users\ttorr\.p2\pool\plugins\org.eclipse.justj.openjdk.hotspot.jre.full.win32.x86_64_14.0.2.v20200815-0932\jre\bin\dt_socket.dll
0x00007ffa6d470000 - 0x00007ffa6d4ab000 	C:\Windows\SYSTEM32\IPHLPAPI.DLL
0x00007ffa6d780000 - 0x00007ffa6d7ea000 	C:\Windows\system32\mswsock.dll
0x00007ffa6d4b0000 - 0x00007ffa6d57b000 	C:\Windows\SYSTEM32\DNSAPI.dll
0x00007ffa6eb40000 - 0x00007ffa6eb48000 	C:\Windows\System32\NSI.dll
0x00007ffa5ba20000 - 0x00007ffa5ba2a000 	C:\Windows\System32\rasadhlp.dll
0x00007ffa5bca0000 - 0x00007ffa5bd1f000 	C:\Windows\System32\fwpuclnt.dll
0x00007ffa6e7a0000 - 0x00007ffa6e7c7000 	C:\Windows\System32\bcrypt.dll
0x00007ffa471d0000 - 0x00007ffa471e9000 	C:\Users\ttorr\.p2\pool\plugins\org.eclipse.justj.openjdk.hotspot.jre.full.win32.x86_64_14.0.2.v20200815-0932\jre\bin\net.dll
0x00007ffa5c3d0000 - 0x00007ffa5c4d0000 	C:\Windows\SYSTEM32\WINHTTP.dll
0x00007ffa466d0000 - 0x00007ffa466e2000 	C:\Users\ttorr\.p2\pool\plugins\org.eclipse.justj.openjdk.hotspot.jre.full.win32.x86_64_14.0.2.v20200815-0932\jre\bin\nio.dll
0x00007ffa5d350000 - 0x00007ffa5d360000 	C:\Users\ttorr\.p2\pool\plugins\org.eclipse.justj.openjdk.hotspot.jre.full.win32.x86_64_14.0.2.v20200815-0932\jre\bin\verify.dll

dbghelp: loaded successfully - version: 4.0.5 - missing functions: none
symbol engine: initialized successfully - sym options: 0x614 - pdb path: .;C:\Users\ttorr\.p2\pool\plugins\org.eclipse.justj.openjdk.hotspot.jre.full.win32.x86_64_14.0.2.v20200815-0932\jre\bin;C:\Windows\SYSTEM32;C:\Windows\WinSxS\amd64_microsoft.windows.common-controls_6595b64144ccf1df_6.0.19041.746_none_ca02b4b61b8320a4;C:\Users\ttorr\.p2\pool\plugins\org.eclipse.justj.openjdk.hotspot.jre.full.win32.x86_64_14.0.2.v20200815-0932\jre\bin\server

VM Arguments:
jvm_args: -XX:+ShowCodeDetailsInExceptionMessages -agentlib:jdwp=transport=dt_socket,suspend=y,address=localhost:49979 -javaagent:C:\Users\ttorr\eclipse\java-2020-09\eclipse\configuration\org.eclipse.osgi\215\0\.cp\lib\javaagent-shaded.jar -Dfile.encoding=Cp1252 
java_command: unidad7.Ejercicio2
java_class_path (initial): C:\Users\ttorr\OneDrive\Escritorio\EjerciciosProgramacion\Ejercicios 2ª Evaluación\bin
Launcher Type: SUN_STANDARD

[Global flags]
     intx CICompilerCount                          = 4                                         {product} {ergonomic}
     uint ConcGCThreads                            = 2                                         {product} {ergonomic}
     uint G1ConcRefinementThreads                  = 8                                         {product} {ergonomic}
   size_t G1HeapRegionSize                         = 1048576                                   {product} {ergonomic}
    uintx GCDrainStackTargetSize                   = 64                                        {product} {ergonomic}
   size_t InitialHeapSize                          = 130023424                                 {product} {ergonomic}
   size_t MarkStackSize                            = 4194304                                   {product} {ergonomic}
   size_t MaxHeapSize                              = 2080374784                                {product} {ergonomic}
   size_t MaxNewSize                               = 1247805440                                {product} {ergonomic}
   size_t MinHeapDeltaBytes                        = 1048576                                   {product} {ergonomic}
   size_t MinHeapSize                              = 8388608                                   {product} {ergonomic}
    uintx NonNMethodCodeHeapSize                   = 5839372                                {pd product} {ergonomic}
    uintx NonProfiledCodeHeapSize                  = 122909434                              {pd product} {ergonomic}
    uintx ProfiledCodeHeapSize                     = 122909434                              {pd product} {ergonomic}
    uintx ReservedCodeCacheSize                    = 251658240                              {pd product} {ergonomic}
     bool SegmentedCodeCache                       = true                                      {product} {ergonomic}
     bool ShowCodeDetailsInExceptionMessages       = true                                   {manageable} {command line}
   size_t SoftMaxHeapSize                          = 2080374784                             {manageable} {ergonomic}
     bool UseCompressedClassPointers               = true                                 {lp64_product} {ergonomic}
     bool UseCompressedOops                        = true                                 {lp64_product} {ergonomic}
     bool UseG1GC                                  = true                                      {product} {ergonomic}
     bool UseLargePagesIndividualAllocation        = false                                  {pd product} {ergonomic}

Logging:
Log output configuration:
 #0: stdout all=warning uptime,level,tags
 #1: stderr all=off uptime,level,tags

Environment Variables:
PATH=C:\Users\ttorr\.p2\pool\plugins\org.eclipse.justj.openjdk.hotspot.jre.full.win32.x86_64_14.0.2.v20200815-0932\jre\bin;C:/Users/ttorr/.p2/pool/plugins/org.eclipse.justj.openjdk.hotspot.jre.full.win32.x86_64_14.0.2.v20200815-0932/jre/bin/server;C:/Users/ttorr/.p2/pool/plugins/org.eclipse.justj.openjdk.hotspot.jre.full.win32.x86_64_14.0.2.v20200815-0932/jre/bin;C:\oraclexe\app\oracle\product\10.2.0\server\bin;C:\Program Files (x86)\Common Files\Oracle\Java\javapath;C:\Windows\system32;C:\Windows;C:\Windows\System32\Wbem;C:\Windows\System32\WindowsPowerShell\v1.0\;C:\Windows\System32\OpenSSH\;C:\Program Files\Java\jdk1.8.0_261\bin;C:\Program Files\Git\cmd;C:\Users\ttorr\AppData\Local\Microsoft\WindowsApps;;C:\Users\ttorr\OneDrive\Escritorio;
USERNAME=ttorr
OS=Windows_NT
PROCESSOR_IDENTIFIER=Intel64 Family 6 Model 126 Stepping 5, GenuineIntel



---------------  S Y S T E M  ---------------

OS: Windows 10 , 64 bit Build 19041 (10.0.19041.804)
OS uptime: 15 days 7:50 hours

CPU:total 8 (initial active 8) (4 cores per cpu, 2 threads per core) family 6 model 126 stepping 5, cmov, cx8, fxsr, mmx, sse, sse2, sse3, ssse3, sse4.1, sse4.2, popcnt, avx, avx2, aes, clmul, erms, 3dnowpref, lzcnt, ht, tsc, tscinvbit, bmi1, bmi2, adx, evex, sha, fma

Memory: 4k page, system-wide physical 7934M (2293M free)
TotalPageFile size 10919M (AvailPageFile size 1170M)
current process WorkingSet (physical memory assigned to process): 43M, peak: 47M
current process commit charge ("private bytes"): 207M, peak: 209M

vm_info: OpenJDK 64-Bit Server VM (14.0.2+12-46) for windows-amd64 JRE (14.0.2+12-46), built on Jul  9 2020 00:31:16 by "mach5one" with MS VC++ 15.9 (VS2017)

END.
